<?xml version="1.0" encoding="UTF-8"?>
<coverage generated="1603485587111" clover="3.2.0">
  <project timestamp="1603485587111" name="All files">
    <metrics statements="9" coveredstatements="9" conditionals="0" coveredconditionals="0" methods="6" coveredmethods="6" elements="15" coveredelements="15" complexity="0" loc="9" ncloc="9" packages="1" files="2" classes="2"/>
    <file name="arrays.js" path="C:\Users\fabri\Desktop\DWFS\Test-con-Jest\arrays.js">
      <metrics statements="4" coveredstatements="4" conditionals="0" coveredconditionals="0" methods="2" coveredmethods="2"/>
      <line num="1" count="1" type="stmt"/>
      <line num="2" count="1" type="stmt"/>
      <line num="4" count="3" type="stmt"/>
      <line num="5" count="1" type="stmt"/>
    </file>
    <file name="true.js" path="C:\Users\fabri\Desktop\DWFS\Test-con-Jest\true.js">
      <metrics statements="5" coveredstatements="5" conditionals="0" coveredconditionals="0" methods="4" coveredmethods="4"/>
      <line num="1" count="1" type="stmt"/>
      <line num="2" count="1" type="stmt"/>
      <line num="5" count="1" type="stmt"/>
      <line num="7" count="2" type="stmt"/>
      <line num="9" count="1" type="stmt"/>
    </file>
  </project>
</coverage>
